Removed Pin From Net: NetName=Nethall effect sensor1_2 Pin=R3-2
Change Component Footprint: Designator=C1 Old Footprint=CAP 0402/1005 New Footprint=CAP 0805/2012
Change Component Footprint: Designator=R2 Old Footprint=RES 0402/1005 New Footprint=RES 0805/2012
Change Component Footprint: Designator=R3 Old Footprint=RES 0402/1005 New Footprint=RES 0805/2012
Change component parameters: Designator = "L1"; Footprint = "SRR1260-680M"; UniqueID = "\GVKWPTJW"
Change component parameters. Clean all parameters for all variants
Change component parameters (AddParameter): Name = "Availability"; Value = "Unavailable"; VariantName = "[No Variations]"
Change component parameters (AddParameter): Name = "ComponentLink1Description"; Value = "Manufacturer Link"; VariantName = "[No Variations]"
Change component parameters (AddParameter): Name = "ComponentLink1URL"; Value = "https://www.digikey.com/en/supplier-centers/b/bourns"; VariantName = "[No Variations]"
Change component parameters (AddParameter): Name = "ComponentLink2Description"; Value = "Datasheet"; VariantName = "[No Variations]"
Change component parameters (AddParameter): Name = "ComponentLink2URL"; Value = "https://www.bourns.com/docs/Product-Datasheets/SRR1260.pdf"; VariantName = "[No Variations]"
Change component parameters (AddParameter): Name = "Irms"; Value = "2.1 A"; VariantName = "[No Variations]"
Change component parameters (AddParameter): Name = "MF"; Value = "Bourns"; VariantName = "[No Variations]"
Change component parameters (AddParameter): Name = "MP"; Value = "SRR1260-680M"; VariantName = "[No Variations]"
Change component parameters (AddParameter): Name = "Package"; Value = "Nonstandard Bourns"; VariantName = "[No Variations]"
Change component parameters (AddParameter): Name = "Part Number"; Value = "SRR1260-680M"; VariantName = "[No Variations]"
Change component parameters (AddParameter): Name = "Price"; Value = "None"; VariantName = "[No Variations]"
Change component parameters (AddParameter): Name = "SnapEDA_Link"; Value = "https://www.snapeda.com/parts/SRR1260-680M/Bourns/view-part/?ref=snap"; VariantName = "[No Variations]"
Change component parameters (AddParameter): Name = "Supplier 1"; Value = "Digi-Key"; VariantName = "[No Variations]"
Change component parameters (AddParameter): Name = "Supplier Part Number 1"; Value = "SRR1260-680MCT-ND"; VariantName = "[No Variations]"
Change component parameters (AddParameter): Name = "Value"; Value = "68 µH"; VariantName = "[No Variations]"
Change component parameters: Designator = "C1"; Footprint = "CAP 0805/2012"; UniqueID = "\PMCNDFNN"
Change component parameters. Clean all parameters for all variants
Change component parameters (AddParameter): Name = "ComponentLink1Description"; Value = "Datasheet"; VariantName = "[No Variations]"
Change component parameters (AddParameter): Name = "ComponentLink1URL"; Value = "https://product.tdk.com/info/en/catalog/datasheets/mlcc_commercial_general_en.pdf"; VariantName = "[No Variations]"
Change component parameters (AddParameter): Name = "ComponentLink2Description"; Value = "Digi-Key listing"; VariantName = "[No Variations]"
Change component parameters (AddParameter): Name = "ComponentLink2URL"; Value = "http://digikey.com/product-detail/en/C2012C0G1H103J060AA/445-7519-2-ND/2732954"; VariantName = "[No Variations]"
Change component parameters (AddParameter): Name = "Device Package"; Value = "0805 (2012 Metric)"; VariantName = "[No Variations]"
Change component parameters (AddParameter): Name = "Manufacturer"; Value = "TDK Corporation"; VariantName = "[No Variations]"
Change component parameters (AddParameter): Name = "PartId"; Value = "4634"; VariantName = "[No Variations]"
Change component parameters (AddParameter): Name = "Part Number"; Value = "C2012C0G1H103J060AA"; VariantName = "[No Variations]"
Change component parameters (AddParameter): Name = "Price"; Value = "0,0876"; VariantName = "[No Variations]"
Change component parameters (AddParameter): Name = "Supplier 1"; Value = "Digi-Key"; VariantName = "[No Variations]"
Change component parameters (AddParameter): Name = "Supplier Part Number 1"; Value = "445-7519-2-ND"; VariantName = "[No Variations]"
Change component parameters (AddParameter): Name = "TemperatureCoefficient"; Value = "C0G, NP0"; VariantName = "[No Variations]"
Change component parameters (AddParameter): Name = "TemperatureRange"; Value = "-55C ~ 125C"; VariantName = "[No Variations]"
Change component parameters (AddParameter): Name = "Tolerance"; Value = "5%"; VariantName = "[No Variations]"
Change component parameters (AddParameter): Name = "Type"; Value = "-"; VariantName = "[No Variations]"
Change component parameters (AddParameter): Name = "Value"; Value = "10000pF"; VariantName = "[No Variations]"
Change component parameters (AddParameter): Name = "Voltage"; Value = "50V"; VariantName = "[No Variations]"
Change component parameters: Designator = "R2"; Footprint = "RES 0805/2012"; UniqueID = "\WMOSLSKQ"
Change component parameters. Clean all parameters for all variants
Change component parameters (AddParameter): Name = "ComponentLink1Description"; Value = "Datasheet"; VariantName = "[No Variations]"
Change component parameters (AddParameter): Name = "ComponentLink1URL"; Value = "http://industrial.panasonic.com/www-cgi/jvcr13pz.cgi?E+PZ+3+AOA0002+ERJ6ENF1001V+7+WW"; VariantName = "[No Variations]"
Change component parameters (AddParameter): Name = "ComponentLink2Description"; Value = "Digi-Key listing"; VariantName = "[No Variations]"
Change component parameters (AddParameter): Name = "ComponentLink2URL"; Value = "http://digikey.com/product-detail/en/ERJ-6ENF1001V/P1.00KCTR-ND/111281"; VariantName = "[No Variations]"
Change component parameters (AddParameter): Name = "Device Package"; Value = "0805 (2012 Metric)"; VariantName = "[No Variations]"
Change component parameters (AddParameter): Name = "Manufacturer"; Value = "Panasonic Electronic Components"; VariantName = "[No Variations]"
Change component parameters (AddParameter): Name = "PartId"; Value = "1948"; VariantName = "[No Variations]"
Change component parameters (AddParameter): Name = "Part Number"; Value = "ERJ-6ENF1001V"; VariantName = "[No Variations]"
Change component parameters (AddParameter): Name = "PowerRating"; Value = "0.125W, 1/8W"; VariantName = "[No Variations]"
Change component parameters (AddParameter): Name = "Price"; Value = "0,0073"; VariantName = "[No Variations]"
Change component parameters (AddParameter): Name = "Supplier 1"; Value = "Digi-Key"; VariantName = "[No Variations]"
Change component parameters (AddParameter): Name = "Supplier Part Number 1"; Value = "P1.00KCTR-ND"; VariantName = "[No Variations]"
Change component parameters (AddParameter): Name = "TemperatureCoefficient"; Value = "100ppm/C"; VariantName = "[No Variations]"
Change component parameters (AddParameter): Name = "TemperatureRange"; Value = "-55C ~ 155C"; VariantName = "[No Variations]"
Change component parameters (AddParameter): Name = "Tolerance"; Value = "1%"; VariantName = "[No Variations]"
Change component parameters (AddParameter): Name = "Type"; Value = "Thick Film"; VariantName = "[No Variations]"
Change component parameters (AddParameter): Name = "Value"; Value = "1k"; VariantName = "[No Variations]"
Change component parameters: Designator = "R3"; Footprint = "RES 0805/2012"; UniqueID = "\DTBUGIUV"
Change component parameters. Clean all parameters for all variants
Change component parameters (AddParameter): Name = "ComponentLink1Description"; Value = "Datasheet"; VariantName = "[No Variations]"
Change component parameters (AddParameter): Name = "ComponentLink1URL"; Value = "http://industrial.panasonic.com/www-cgi/jvcr13pz.cgi?E+PZ+3+AOA0002+ERJ6ENF1004V+7+WW"; VariantName = "[No Variations]"
Change component parameters (AddParameter): Name = "ComponentLink2Description"; Value = "Digi-Key listing"; VariantName = "[No Variations]"
Change component parameters (AddParameter): Name = "ComponentLink2URL"; Value = "http://digikey.com/product-detail/en/ERJ-6ENF1004V/P1.00MCTR-ND/112223"; VariantName = "[No Variations]"
Change component parameters (AddParameter): Name = "Device Package"; Value = "0805 (2012 Metric)"; VariantName = "[No Variations]"
Change component parameters (AddParameter): Name = "Manufacturer"; Value = "Panasonic Electronic Components"; VariantName = "[No Variations]"
Change component parameters (AddParameter): Name = "PartId"; Value = "1954"; VariantName = "[No Variations]"
Change component parameters (AddParameter): Name = "Part Number"; Value = "ERJ-6ENF1004V"; VariantName = "[No Variations]"
Change component parameters (AddParameter): Name = "PowerRating"; Value = "0.125W, 1/8W"; VariantName = "[No Variations]"
Change component parameters (AddParameter): Name = "Price"; Value = "0,0073"; VariantName = "[No Variations]"
Change component parameters (AddParameter): Name = "Supplier 1"; Value = "Digi-Key"; VariantName = "[No Variations]"
Change component parameters (AddParameter): Name = "Supplier Part Number 1"; Value = "P1.00MCTR-ND"; VariantName = "[No Variations]"
Change component parameters (AddParameter): Name = "TemperatureCoefficient"; Value = "100ppm/C"; VariantName = "[No Variations]"
Change component parameters (AddParameter): Name = "TemperatureRange"; Value = "-55C ~ 155C"; VariantName = "[No Variations]"
Change component parameters (AddParameter): Name = "Tolerance"; Value = "1%"; VariantName = "[No Variations]"
Change component parameters (AddParameter): Name = "Type"; Value = "Thick Film"; VariantName = "[No Variations]"
Change component parameters (AddParameter): Name = "Value"; Value = "1M"; VariantName = "[No Variations]"
Added Component: Designator=D2(LED 0603/1608 RED)
Add component. Clean all parameters for all variants
Add component (AddParameter): Name = "Colour"; Value = "Red"; VariantName = "[No Variations]"
Add component (AddParameter): Name = "ComponentLink1Description"; Value = "Datasheet"; VariantName = "[No Variations]"
Add component (AddParameter): Name = "ComponentLink1URL"; Value = "http://optoelectronics.liteon.com/upload/download/DS22-2000-223/S_110_LTST-C191KRKT.pdf"; VariantName = "[No Variations]"
Add component (AddParameter): Name = "ComponentLink2Description"; Value = "Digi-Key Listing"; VariantName = "[No Variations]"
Add component (AddParameter): Name = "ComponentLink2URL"; Value = "http://www.digikey.ca/product-detail/en/LTST-C191KRKT/160-1447-2-ND/386837"; VariantName = "[No Variations]"
Add component (AddParameter): Name = "Current (Test)"; Value = "20mA"; VariantName = "[No Variations]"
Add component (AddParameter): Name = "Device Package"; Value = "0603 (1608 Metric)"; VariantName = "[No Variations]"
Add component (AddParameter): Name = "Lens Transparency"; Value = "Clear"; VariantName = "[No Variations]"
Add component (AddParameter): Name = "Manufacturer"; Value = "Lite-On Inc."; VariantName = "[No Variations]"
Add component (AddParameter): Name = "Millicandela"; Value = "54mcd"; VariantName = "[No Variations]"
Add component (AddParameter): Name = "PartId"; Value = "7050"; VariantName = "[No Variations]"
Add component (AddParameter): Name = "Part Number"; Value = "LTST-C191KRKT"; VariantName = "[No Variations]"
Add component (AddParameter): Name = "Price"; Value = "0,0521"; VariantName = "[No Variations]"
Add component (AddParameter): Name = "Supplier 1"; Value = "Digi-Key"; VariantName = "[No Variations]"
Add component (AddParameter): Name = "Supplier Part Number 1"; Value = "160-1447-2-ND"; VariantName = "[No Variations]"
Add component (AddParameter): Name = "Value"; Value = "Green"; VariantName = "[No Variations]"
Add component (AddParameter): Name = "Viewing Angle"; Value = "130"; VariantName = "[No Variations]"
Add component (AddParameter): Name = "Voltage Forward"; Value = "2V"; VariantName = "[No Variations]"
Added Component: Designator=P1(HDR2X2)
Add component. Clean all parameters for all variants
Add component (AddParameter): Name = "LatestRevisionDate"; Value = "17-Jul-2002"; VariantName = "[No Variations]"
Add component (AddParameter): Name = "LatestRevisionNote"; Value = "Re-released for DXP Platform."; VariantName = "[No Variations]"
Add component (AddParameter): Name = "Publisher"; Value = "Altium Limited"; VariantName = "[No Variations]"
Added Component: Designator=R5(RES 0805/2012)
Add component. Clean all parameters for all variants
Add component (AddParameter): Name = "ComponentLink1Description"; Value = "Datasheet"; VariantName = "[No Variations]"
Add component (AddParameter): Name = "ComponentLink1URL"; Value = "http://industrial.panasonic.com/lecs/www-data/pdf/AOA0000/AOA0000CE26.pdf"; VariantName = "[No Variations]"
Add component (AddParameter): Name = "ComponentLink2Description"; Value = "Digi-Key listing"; VariantName = "[No Variations]"
Add component (AddParameter): Name = "ComponentLink2URL"; Value = "http://digikey.com/product-detail/en/ERA-6AEB202V/P2.0KDATR-ND/1465756"; VariantName = "[No Variations]"
Add component (AddParameter): Name = "Device Package"; Value = "0805 (2012 Metric)"; VariantName = "[No Variations]"
Add component (AddParameter): Name = "Manufacturer"; Value = "Panasonic Electronic Components"; VariantName = "[No Variations]"
Add component (AddParameter): Name = "PartId"; Value = "2444"; VariantName = "[No Variations]"
Add component (AddParameter): Name = "Part Number"; Value = "ERA-6AEB202V"; VariantName = "[No Variations]"
Add component (AddParameter): Name = "PowerRating"; Value = "0.125W, 1/8W"; VariantName = "[No Variations]"
Add component (AddParameter): Name = "Price"; Value = "0,055"; VariantName = "[No Variations]"
Add component (AddParameter): Name = "Supplier 1"; Value = "Digi-Key"; VariantName = "[No Variations]"
Add component (AddParameter): Name = "Supplier Part Number 1"; Value = "P2.0KDATR-ND"; VariantName = "[No Variations]"
Add component (AddParameter): Name = "TemperatureCoefficient"; Value = "25ppm/C"; VariantName = "[No Variations]"
Add component (AddParameter): Name = "TemperatureRange"; Value = "-55C ~ 155C"; VariantName = "[No Variations]"
Add component (AddParameter): Name = "Tolerance"; Value = "0.1%"; VariantName = "[No Variations]"
Add component (AddParameter): Name = "Type"; Value = "Thin Film"; VariantName = "[No Variations]"
Add component (AddParameter): Name = "Value"; Value = "2k"; VariantName = "[No Variations]"
Added Pin To Net: NetName=GND Pin=D2-2
Added Pin To Net: NetName=Nethall effect sensor1_2 Pin=P1-1
Added Pin To Net: NetName=NetP_OUT1_1 Pin=P1-2
Added Pin To Net: NetName=Nethall effect sensor1_2 Pin=P1-3
Added Pin To Net: NetName=Nethall effect sensor1_2 Pin=R5-1
Change Net Name : Old Net Name=NetP_OUT1_1 New Net Name=NetP1_2
Added Pin To Net: NetName=NetP1_4 Pin=P1-4
Added Pin To Net: NetName=NetP1_4 Pin=R3-2
Added Net: Name=NetP1_4
Added Member To Class: ClassName=Hall-Effect-Switch Member=Component D1 Schottky_diode
Added Member To Class: ClassName=Hall-Effect-Switch Member=Component D2 Red
Added Member To Class: ClassName=Hall-Effect-Switch Member=Component P1 Header 2X2
Added Member To Class: ClassName=Hall-Effect-Switch Member=Component R5 2k
Added Room: Name=Hall-Effect-Switch
