Removed Pin From Net: NetName=GND Pin=D1-A
Removed Pin From Net: NetName=NetC_B1_2 Pin=D1-C
Change Component Designator: OldDesignator=HES NewDesignator=hall effect sensor1
Change Component Designator: OldDesignator=IN NewDesignator=P_IN1
Change Component Designator: OldDesignator=OUT NewDesignator=P_OUT1
Change component parameters: Designator = "L1"; Footprint = "SRR1260-680M"; UniqueID = "\GVKWPTJW"
Change component parameters. Clean all parameters for all variants
Change component parameters (AddParameter): Name = "Availability"; Value = "Unavailable"; VariantName = "[No Variations]"
Change component parameters (AddParameter): Name = "ComponentLink1Description"; Value = "Manufacturer Link"; VariantName = "[No Variations]"
Change component parameters (AddParameter): Name = "ComponentLink1URL"; Value = "https://www.digikey.com/en/supplier-centers/b/bourns"; VariantName = "[No Variations]"
Change component parameters (AddParameter): Name = "ComponentLink2Description"; Value = "Datasheet"; VariantName = "[No Variations]"
Change component parameters (AddParameter): Name = "ComponentLink2URL"; Value = "https://www.bourns.com/docs/Product-Datasheets/SRR1260.pdf"; VariantName = "[No Variations]"
Change component parameters (AddParameter): Name = "Irms"; Value = "2.1 A"; VariantName = "[No Variations]"
Change component parameters (AddParameter): Name = "MF"; Value = "Bourns"; VariantName = "[No Variations]"
Change component parameters (AddParameter): Name = "MP"; Value = "SRR1260-680M"; VariantName = "[No Variations]"
Change component parameters (AddParameter): Name = "Package"; Value = "Nonstandard Bourns"; VariantName = "[No Variations]"
Change component parameters (AddParameter): Name = "Part Number"; Value = "SRR1260-680M"; VariantName = "[No Variations]"
Change component parameters (AddParameter): Name = "Price"; Value = "None"; VariantName = "[No Variations]"
Change component parameters (AddParameter): Name = "SnapEDA_Link"; Value = "https://www.snapeda.com/parts/SRR1260-680M/Bourns/view-part/?ref=snap"; VariantName = "[No Variations]"
Change component parameters (AddParameter): Name = "Supplier 1"; Value = "Digi-Key"; VariantName = "[No Variations]"
Change component parameters (AddParameter): Name = "Supplier Part Number 1"; Value = "SRR1260-680MCT-ND"; VariantName = "[No Variations]"
Change component parameters (AddParameter): Name = "Value"; Value = "68 µH"; VariantName = "[No Variations]"
Added Pin To Net: NetName=Nethall effect sensor1_2 Pin=R3-2
Change Net Name : Old Net Name=NetC_B1_1 New Net Name=NetC1_1
Change Net Name : Old Net Name=NetC_B1_2 New Net Name=NetC1_2
